SF:lib\movie\domain\movie\get_movie_detail.dart
DA:6,1
DA:8,1
DA:9,2
LF:3
LH:3
end_of_record
SF:lib\movie\domain\movie\get_movie_recommendations.dart
DA:6,1
DA:8,1
DA:9,2
LF:3
LH:3
end_of_record
SF:lib\movie\domain\movie\get_now_playing_movies.dart
DA:6,1
DA:8,1
DA:9,2
LF:3
LH:3
end_of_record
SF:lib\movie\domain\movie\get_popular_movies.dart
DA:6,1
DA:8,1
DA:9,2
LF:3
LH:3
end_of_record
SF:lib\movie\domain\movie\get_top_rated_movies.dart
DA:6,1
DA:8,1
DA:9,2
LF:3
LH:3
end_of_record
SF:lib\movie\presentation\bloc\movie_detail\movie_detail_state.dart
DA:7,1
DA:8,1
DA:14,2
DA:16,1
DA:17,2
DA:23,2
DA:25,1
DA:26,2
DA:30,1
DA:31,1
LF:10
LH:10
end_of_record
SF:lib\movie\presentation\bloc\movie_detail\movie_detail_event.dart
DA:8,2
DA:10,1
DA:11,2
LF:3
LH:3
end_of_record
SF:lib\movie\presentation\bloc\movie_detail\movie_detail_bloc.dart
DA:16,3
DA:17,2
DA:20,1
DA:24,2
DA:26,4
DA:28,1
DA:29,1
DA:30,3
DA:32,1
DA:33,2
LF:10
LH:10
end_of_record
SF:lib\movie\presentation\bloc\movie_list\movie_list_bloc.dart
DA:15,1
DA:17,2
DA:18,2
DA:21,1
DA:23,2
DA:25,3
DA:27,1
DA:28,1
DA:29,3
DA:31,1
DA:32,5
LF:11
LH:11
end_of_record
SF:lib\movie\presentation\bloc\movie_list\movie_list_state.dart
DA:7,1
DA:8,1
DA:13,2
DA:14,1
DA:15,2
DA:21,2
DA:23,1
DA:24,2
DA:28,1
DA:29,1
LF:10
LH:10
end_of_record
SF:lib\movie\presentation\bloc\movie_list\movie_list_event.dart
DA:7,1
DA:8,1
LF:2
LH:2
end_of_record
SF:lib\movie\presentation\bloc\movie_popular\movie_popular_state.dart
DA:7,1
DA:8,1
DA:14,3
DA:16,1
DA:17,2
DA:21,1
DA:22,1
DA:27,3
DA:28,1
DA:29,2
LF:10
LH:10
end_of_record
SF:lib\movie\presentation\bloc\movie_popular\movie_popular_event.dart
DA:7,1
DA:8,1
LF:2
LH:2
end_of_record
SF:lib\movie\presentation\bloc\movie_popular\movie_popular_bloc.dart
DA:17,3
DA:18,2
DA:21,1
DA:25,2
DA:27,3
DA:29,1
DA:30,1
DA:31,3
DA:33,1
DA:34,1
DA:35,2
DA:36,2
LF:12
LH:12
end_of_record
SF:lib\movie\presentation\bloc\movie_recommendation\movie_recommendation_state.dart
DA:7,1
DA:8,1
DA:14,2
DA:16,1
DA:17,2
DA:23,2
DA:25,1
DA:26,2
DA:30,1
DA:31,1
LF:10
LH:10
end_of_record
SF:lib\movie\presentation\bloc\movie_recommendation\movie_recommendation_bloc.dart
DA:18,1
DA:19,2
DA:20,2
DA:23,1
DA:27,1
DA:28,2
DA:29,3
DA:31,1
DA:32,1
DA:33,3
DA:35,1
DA:36,1
DA:37,2
DA:38,2
LF:14
LH:14
end_of_record
SF:lib\movie\presentation\bloc\movie_recommendation\movie_recommendation_event.dart
DA:8,2
DA:9,1
DA:10,2
LF:3
LH:3
end_of_record
SF:lib\movie\presentation\bloc\movie_top_rated\movie_top_rated_state.dart
DA:7,1
DA:8,1
DA:14,3
DA:16,1
DA:17,2
DA:23,3
DA:25,1
DA:26,2
DA:30,1
DA:31,1
LF:10
LH:10
end_of_record
SF:lib\movie\presentation\bloc\movie_top_rated\movie_top_rated_bloc.dart
DA:17,3
DA:18,2
DA:21,1
DA:25,2
DA:27,3
DA:29,1
DA:30,1
DA:31,3
DA:33,1
DA:34,1
DA:35,2
DA:36,2
LF:12
LH:12
end_of_record
SF:lib\movie\presentation\bloc\movie_top_rated\movie_top_rated_event.dart
DA:7,1
DA:8,1
LF:2
LH:2
end_of_record
SF:lib\movie\presentation\pages\home_movie_page.dart
DA:12,2
DA:13,1
DA:15,1
DA:19,1
DA:21,1
DA:22,2
DA:23,4
DA:24,4
DA:25,4
DA:29,1
DA:31,1
DA:33,1
DA:35,1
DA:36,1
DA:37,0
DA:38,0
DA:44,1
DA:46,1
DA:47,1
DA:49,1
DA:50,1
DA:52,1
DA:54,1
DA:55,1
DA:56,1
DA:60,1
DA:61,2
DA:62,1
DA:74,1
DA:76,0
DA:77,0
DA:79,1
DA:80,1
DA:81,1
DA:85,1
DA:86,2
DA:87,1
DA:99,1
DA:101,0
DA:102,0
DA:104,1
DA:105,1
DA:106,1
DA:110,1
DA:111,2
DA:112,1
DA:131,1
DA:132,1
DA:134,1
DA:135,1
DA:137,1
DA:139,1
DA:141,1
DA:143,1
DA:163,1
DA:165,1
DA:167,1
DA:169,1
DA:171,1
DA:172,2
DA:173,1
DA:175,1
DA:176,0
DA:177,0
DA:180,0
DA:183,1
DA:185,1
DA:186,2
DA:187,1
DA:190,0
DA:196,2
LF:71
LH:61
end_of_record
SF:lib\movie\presentation\pages\movie_detail_page.dart
DA:15,1
DA:17,1
DA:19,1
DA:23,1
DA:25,1
DA:26,2
DA:27,6
DA:28,1
DA:29,1
DA:30,4
DA:31,6
DA:35,1
DA:37,2
DA:38,2
DA:39,2
DA:41,1
DA:42,1
DA:43,1
DA:44,1
DA:48,1
DA:49,1
DA:50,1
DA:51,1
DA:56,1
DA:78,1
DA:80,1
DA:82,3
DA:83,1
DA:84,1
DA:85,1
DA:86,3
DA:88,1
DA:91,0
DA:93,1
DA:95,1
DA:96,1
DA:97,1
DA:107,1
DA:108,1
DA:109,1
DA:111,1
DA:113,1
DA:115,1
DA:116,1
DA:117,2
DA:118,1
DA:120,1
DA:121,0
DA:122,0
DA:124,0
DA:125,0
DA:128,0
DA:129,0
DA:133,0
DA:134,0
DA:135,0
DA:136,0
DA:137,0
DA:141,0
DA:147,0
DA:149,0
DA:151,0
DA:152,0
DA:154,0
DA:156,0
DA:157,0
DA:163,1
DA:165,1
DA:166,1
DA:173,1
DA:174,3
DA:176,1
DA:177,3
DA:179,1
DA:180,1
DA:181,1
DA:182,3
DA:184,1
DA:190,4
DA:194,1
DA:196,1
DA:198,1
DA:199,2
DA:202,1
DA:204,1
DA:206,1
DA:208,1
DA:209,1
DA:213,1
DA:214,1
DA:215,1
DA:216,1
DA:219,1
DA:220,1
DA:222,1
DA:224,1
DA:225,2
DA:226,1
DA:228,1
DA:229,0
DA:230,0
DA:233,0
DA:236,1
DA:241,1
DA:243,2
DA:244,1
DA:250,0
DA:257,2
DA:261,1
DA:263,1
DA:272,1
DA:274,1
DA:289,1
DA:291,1
DA:294,1
DA:296,1
DA:297,1
DA:306,1
DA:308,2
DA:309,3
DA:312,1
DA:316,3
DA:319,1
DA:320,1
DA:321,1
DA:323,1
DA:324,1
DA:326,0
LF:128
LH:103
end_of_record
SF:lib\movie\presentation\pages\popular_movies_page.dart
DA:10,2
DA:12,1
DA:14,1
DA:18,1
DA:20,1
DA:21,2
DA:22,4
DA:26,1
DA:28,1
DA:29,1
DA:32,1
DA:34,1
DA:35,1
DA:36,1
DA:37,1
DA:41,1
DA:42,1
DA:43,1
DA:44,2
DA:45,1
DA:47,2
DA:49,1
LF:22
LH:22
end_of_record
SF:lib\movie\presentation\pages\top_rated_movies_page.dart
DA:10,2
DA:12,1
DA:14,1
DA:18,1
DA:20,1
DA:21,2
DA:22,2
DA:23,2
DA:26,1
DA:28,1
DA:29,1
DA:32,1
DA:34,1
DA:35,1
DA:36,1
DA:37,1
DA:41,1
DA:42,1
DA:43,1
DA:44,2
DA:45,1
DA:47,2
DA:49,1
LF:23
LH:23
end_of_record
