SF:lib\domain\tvseries\get_onair_tvseries.dart
DA:6,1
DA:7,1
DA:8,2
LF:3
LH:3
end_of_record
SF:lib\domain\tvseries\get_popular_tvseries.dart
DA:6,1
DA:7,1
DA:8,2
LF:3
LH:3
end_of_record
SF:lib\domain\tvseries\get_top_rated_tvseries.dart
DA:6,1
DA:7,1
DA:8,2
LF:3
LH:3
end_of_record
SF:lib\domain\tvseries\get_tvseries_detail.dart
DA:6,1
DA:7,1
DA:8,2
LF:3
LH:3
end_of_record
SF:lib\domain\tvseries\get_tvseries_recommendations.dart
DA:6,1
DA:7,1
DA:8,2
LF:3
LH:3
end_of_record
SF:lib\presentation\bloc\tvseries_detail\tvseries_detail_bloc.dart
DA:17,1
DA:19,2
DA:20,2
DA:23,1
DA:27,1
DA:28,2
DA:30,3
DA:32,1
DA:33,1
DA:34,3
DA:36,0
DA:37,0
LF:12
LH:10
end_of_record
SF:lib\presentation\bloc\tvseries_detail\tvseries_detail_state.dart
DA:7,1
DA:8,1
DA:12,1
DA:13,1
DA:19,2
DA:21,1
DA:22,2
DA:28,1
DA:30,0
DA:31,0
LF:10
LH:8
end_of_record
SF:lib\presentation\bloc\tvseries_detail\tvseries_detail_event.dart
DA:9,2
DA:11,0
DA:12,0
LF:3
LH:1
end_of_record
SF:lib\presentation\bloc\tvseries_onair\tvseries_list_state.dart
DA:7,1
DA:8,1
DA:12,1
DA:13,1
DA:19,2
DA:21,1
DA:22,2
DA:28,2
DA:30,1
DA:31,2
LF:10
LH:10
end_of_record
SF:lib\presentation\bloc\tvseries_onair\tvseries_list_event.dart
DA:7,1
DA:8,1
LF:2
LH:2
end_of_record
SF:lib\presentation\bloc\tvseries_onair\tvseries_list_bloc.dart
DA:18,3
DA:19,2
DA:22,1
DA:24,2
DA:26,3
DA:28,1
DA:29,1
DA:30,3
DA:32,1
DA:33,1
DA:34,2
DA:35,2
LF:12
LH:12
end_of_record
SF:lib\presentation\bloc\tvseries_popular\tvseries_popular_state.dart
DA:7,1
DA:8,1
DA:12,1
DA:13,1
DA:19,3
DA:21,1
DA:22,2
DA:28,3
DA:30,1
DA:31,1
LF:10
LH:10
end_of_record
SF:lib\presentation\bloc\tvseries_popular\tvseries_popular_bloc.dart
DA:19,1
DA:21,2
DA:22,2
DA:25,1
DA:29,2
DA:31,3
DA:33,1
DA:34,1
DA:35,3
DA:37,1
DA:38,1
DA:39,2
DA:40,2
LF:13
LH:13
end_of_record
SF:lib\presentation\bloc\tvseries_popular\tvseries_popular_event.dart
DA:7,1
DA:8,1
LF:2
LH:2
end_of_record
SF:lib\presentation\bloc\tvseries_recommendation\tvseries_recommendation_state.dart
DA:7,1
DA:8,1
DA:12,1
DA:13,1
DA:19,2
DA:21,1
DA:22,2
DA:28,2
DA:30,1
DA:31,1
LF:10
LH:10
end_of_record
SF:lib\presentation\bloc\tvseries_recommendation\tvseries_recommendation_bloc.dart
DA:18,1
DA:19,2
DA:20,2
DA:23,1
DA:27,1
DA:28,2
DA:30,3
DA:32,1
DA:33,1
DA:34,3
DA:36,1
DA:37,1
DA:38,2
DA:39,2
LF:14
LH:14
end_of_record
SF:lib\presentation\bloc\tvseries_recommendation\tvseries_recommendation_event.dart
DA:9,2
DA:11,1
DA:12,2
LF:3
LH:3
end_of_record
SF:lib\presentation\bloc\tvseries_top_rated\tvseries_top_rated_state.dart
DA:7,1
DA:8,1
DA:12,1
DA:13,1
DA:19,3
DA:21,1
DA:22,2
DA:28,3
DA:30,1
DA:31,1
LF:10
LH:10
end_of_record
SF:lib\presentation\bloc\tvseries_top_rated\tvseries_top_rated_event.dart
DA:7,1
DA:8,1
LF:2
LH:2
end_of_record
SF:lib\presentation\bloc\tvseries_top_rated\tvseries_top_rated_bloc.dart
DA:18,1
DA:20,2
DA:21,2
DA:24,1
DA:28,2
DA:30,3
DA:32,1
DA:33,1
DA:34,3
DA:36,1
DA:37,1
DA:38,2
DA:39,2
LF:13
LH:13
end_of_record
SF:lib\presentation\page\home_tvseries_page.dart
DA:12,2
DA:14,1
DA:15,1
DA:19,1
DA:21,1
DA:22,2
DA:23,4
DA:24,4
DA:25,4
DA:29,1
DA:31,1
DA:33,1
DA:35,1
DA:36,1
DA:37,0
DA:38,0
DA:44,1
DA:46,1
DA:47,1
DA:49,1
DA:50,1
DA:52,0
DA:53,0
DA:55,1
DA:56,1
DA:57,1
DA:61,1
DA:62,2
DA:63,1
DA:79,1
DA:81,0
DA:84,1
DA:85,1
DA:86,1
DA:90,1
DA:91,2
DA:92,1
DA:106,1
DA:108,0
DA:111,1
DA:112,1
DA:113,1
DA:117,1
DA:118,2
DA:119,1
DA:141,1
DA:142,1
DA:144,1
DA:145,1
DA:147,1
DA:149,1
DA:151,1
DA:153,1
DA:155,1
DA:170,1
DA:172,1
DA:174,1
DA:176,1
DA:178,1
DA:179,2
DA:180,1
DA:182,1
DA:183,0
DA:184,0
DA:187,0
DA:190,1
DA:192,1
DA:193,2
DA:194,1
DA:198,0
DA:204,2
LF:71
LH:61
end_of_record
SF:lib\presentation\page\onair_tvseries_page.dart
DA:10,0
DA:12,0
DA:13,0
DA:17,0
DA:19,0
DA:20,0
DA:21,0
DA:25,0
DA:27,0
DA:28,0
DA:31,0
DA:33,0
DA:34,0
DA:35,0
DA:39,0
DA:40,0
DA:41,0
DA:42,0
DA:43,0
DA:45,0
LF:20
LH:0
end_of_record
SF:lib\presentation\page\popular_tvseries_page.dart
DA:10,2
DA:12,1
DA:13,1
DA:17,1
DA:19,1
DA:20,2
DA:21,4
DA:25,1
DA:27,1
DA:28,1
DA:31,1
DA:33,1
DA:34,1
DA:35,1
DA:39,1
DA:40,1
DA:41,1
DA:42,2
DA:43,1
DA:45,2
DA:47,1
LF:21
LH:21
end_of_record
SF:lib\presentation\page\top_rated_tvseries_page.dart
DA:10,2
DA:12,1
DA:13,1
DA:17,1
DA:19,1
DA:20,2
DA:21,4
DA:25,1
DA:27,1
DA:28,1
DA:31,1
DA:33,1
DA:34,1
DA:35,1
DA:36,1
DA:40,1
DA:41,1
DA:42,1
DA:43,2
DA:44,1
DA:46,2
DA:48,1
LF:22
LH:22
end_of_record
SF:lib\presentation\page\tvseries_detail_page.dart
DA:17,1
DA:19,1
DA:20,1
DA:24,1
DA:26,1
DA:27,2
DA:28,6
DA:29,1
DA:30,1
DA:31,4
DA:32,1
DA:33,1
DA:34,4
DA:38,1
DA:40,1
DA:41,3
DA:42,2
DA:44,1
DA:45,1
DA:46,1
DA:47,1
DA:51,1
DA:52,1
DA:53,1
DA:54,1
DA:56,1
DA:78,1
DA:80,1
DA:82,3
DA:83,1
DA:84,1
DA:85,1
DA:86,3
DA:88,1
DA:91,0
DA:93,1
DA:95,1
DA:96,1
DA:97,1
DA:107,1
DA:108,1
DA:109,1
DA:111,1
DA:113,1
DA:115,1
DA:116,1
DA:117,2
DA:118,1
DA:120,1
DA:121,0
DA:122,0
DA:124,0
DA:125,0
DA:128,0
DA:129,0
DA:133,0
DA:134,0
DA:135,0
DA:136,0
DA:137,0
DA:141,0
DA:147,0
DA:149,0
DA:151,0
DA:152,0
DA:154,0
DA:156,0
DA:157,0
DA:163,1
DA:165,1
DA:166,1
DA:173,1
DA:174,3
DA:176,1
DA:177,2
DA:178,4
DA:186,1
DA:187,4
DA:191,1
DA:192,1
DA:193,1
DA:194,3
DA:196,1
DA:202,4
DA:206,1
DA:208,1
DA:210,1
DA:211,2
DA:214,1
DA:216,1
DA:218,1
DA:219,1
DA:220,4
DA:223,3
DA:226,1
DA:228,1
DA:230,1
DA:232,1
DA:233,1
DA:238,1
DA:244,1
DA:245,1
DA:247,1
DA:249,1
DA:250,2
DA:251,1
DA:253,1
DA:254,0
DA:255,0
DA:258,0
DA:261,1
DA:266,1
DA:268,2
DA:269,1
DA:275,0
DA:282,2
DA:286,1
DA:287,1
DA:296,1
DA:298,1
DA:311,1
DA:313,1
DA:316,1
DA:318,1
DA:319,1
DA:328,1
DA:330,2
DA:331,3
DA:334,1
DA:338,3
DA:341,1
DA:342,1
DA:343,1
DA:345,1
DA:346,1
DA:348,0
DA:352,1
DA:353,2
LF:138
LH:113
end_of_record
